<?xml version="1.0" encoding="UTF-8"?>
<!-- Generated by org.testng.reporters.JUnitReportReporter -->
<testsuite skipped="0" hostname="DELL" name="com.test.script.TestScript" tests="1" failures="0" timestamp="27 Jul 2020 14:51:45 GMT" time="14.089" errors="0">
  <testcase name="Test1" time="14.089" classname="com.test.script.TestScript"/>
</testsuite> <!-- com.test.script.TestScript -->
