<?xml version="1.0" encoding="UTF-8"?>
<!-- Generated by org.testng.reporters.JUnitReportReporter -->
<testsuite skipped="0" hostname="DELL" name="com.test.script.GOOGLE" tests="1" failures="0" timestamp="27 Jul 2020 15:42:35 GMT" time="15.412" errors="0">
  <testcase name="Test3" time="15.412" classname="com.test.script.GOOGLE"/>
</testsuite> <!-- com.test.script.GOOGLE -->
