<?xml version="1.0" encoding="UTF-8"?>
<!-- Generated by org.testng.reporters.JUnitReportReporter -->
<testsuite skipped="0" hostname="DELL" name="com.test.script.GIT" tests="1" failures="0" timestamp="27 Jul 2020 15:42:35 GMT" time="21.398" errors="0">
  <testcase name="Test1" time="21.398" classname="com.test.script.GIT"/>
</testsuite> <!-- com.test.script.GIT -->
